Infinity
0.1948905837281833
0.1948905837281833
0.1948905837281833
0.1948905837281833
0.1948905837281833
0.1948905837281833
0.13143193096829622
0.13143193096829622
0.13143193096829622
0.116331081276464
0.116331081276464
0.116331081276464
0.116331081276464
0.116331081276464
0.116331081276464
0.11523191595383525
0.11523191595383525
0.1142457463351689
0.1142457463351689
0.1142457463351689
0.1142457463351689
0.11325867117036496
0.11325867117036496
0.11325867117036496
0.11325867117036496
0.11325867117036496
0.11325867117036496
0.11325867117036496
0.11325867117036496
0.11325867117036496
0.1096597945883925
0.1096597945883925
0.1096597945883925
0.10946341164250323
0.10946341164250323
0.10946341164250323
0.10946341164250323
0.10946341164250323
0.10946341164250323
0.10946341164250323
0.10946341164250323
0.10946341164250323
0.10946341164250323
0.10946341164250323
0.10946341164250323
0.10946341164250323
0.10946341164250323
0.10946341164250323
0.10946341164250323
0.1093159766134115
0.1093159766134115
0.1093159766134115
0.1091306772222616
0.1091306772222616
0.1091306772222616
0.1091306772222616
0.10902641763234387
0.10902641763234387
0.10902641763234387
0.10902641763234387
0.10902641763234387
0.10902641763234387
0.10902641763234387
0.10902641763234387
0.10902641763234387
0.10902641763234387
0.10902641763234387
0.10902641763234387
0.10902641763234387
0.10902641763234387
0.10902641763234387
0.10853534924548126
0.10853534924548126
0.10853534924548126
0.10853534924548126
0.10853534924548126
0.10853534924548126
0.10853534924548126
0.10853534924548126
0.10853534924548126
0.10853534924548126
0.10853534924548126
0.10853534924548126
0.10849531623918522
0.10849531623918522
0.10835131324323266
0.10835131324323266
0.10835131324323266
0.10835131324323266
0.10835131324323266
0.10835131324323266
0.10835131324323266
0.10835131324323266
0.10835131324323266
0.10835131324323266
0.10835131324323266
0.10835131324323266
0.10835131324323266
0.10835131324323266
0.10835131324323266
