0.4300708348626604
0.20754250815449865
0.1717401213018908
0.2157319314377377
0.13051208103434928
0.12257286533108348
0.12633886204021824
0.13511676349722873
0.12350627082640013
0.14548644542117467
0.14057086722202863
0.2549346448206019
0.12148142609191231
0.12148128822003237
0.12191355691417911
0.1234830568230968
0.12148394310289598
0.20745320384937882
0.12148123010349063
0.12150617135143026
0.143495996920759
0.1428477806646679
0.1214791199433708
0.19965196002854863
0.12154153495830576
0.13374727997790298
0.12216299956583865
0.12208158987974069
0.1214814883064083
0.15179609910833786
0.12154198651146575
0.12162844346232618
0.13390336475293593
0.1339120251195692
0.12322631172972577
0.12153418895588683
0.12342068488204425
0.25351432097143517
0.12448962520370885
0.12290207633989801
0.15206635673901422
0.124410358268812
0.12281022244113024
0.12961934771263228
0.3553766891865841
0.17059783252663618
0.15799294430043928
0.12193519323100212
0.1506699463306652
0.12151236045769022
